\BOOKMARK [1][-]{section.1}{\376\377\000B\000a\000s\000i\000c\000\040\000c\000o\000n\000c\000e\000p\000t\000s}{}% 1
\BOOKMARK [2][-]{subsection.1.1}{\376\377\000W\000i\000t\000h\000\040\000e\000x\000t\000r\000a\000\040\000c\000a\000p\000i\000t\000a\000l\000\040\000i\000n\000t\000e\000r\000n\000a\000l\000\040\000i\000n\000d\000e\000x\000\040\000o\000n\000\040\000e\000m\000b\000b\000e\000d\000i\000n\000g\000\040\000f\000i\000e\000l\000d\000s}{section.1}% 2
\BOOKMARK [2][-]{subsection.1.2}{\376\377\000W\000i\000t\000h\000\040\0001\000\040\000e\000x\000t\000r\000a\000\040\000s\000m\000a\000l\000l\000\040\000i\000n\000t\000e\000r\000n\000a\000l\000\040\000i\000n\000d\000e\000x\000\040\000o\000n\000\040\000e\000m\000b\000e\000d\000d\000i\000n\000g\000\040\000f\000i\000e\000l\000d\000s}{section.1}% 3
\BOOKMARK [2][-]{subsection.1.3}{\376\377\000W\000i\000t\000h\000\040\0002\000\040\000e\000x\000t\000r\000a\000\040\000s\000m\000a\000l\000l\000\040\000i\000n\000d\000i\000c\000e\000s}{section.1}% 4
\BOOKMARK [2][-]{subsection.1.4}{\376\377\000W\000i\000t\000h\000o\000u\000t\000\040\000e\000x\000t\000r\000a\000\040\000i\000n\000d\000e\000x\000\040\000o\000n\000\040\000e\000m\000b\000b\000e\000d\000i\000n\000g\000\040\000f\000i\000e\000l\000d\000s}{section.1}% 5
\BOOKMARK [1][-]{section.2}{\376\377\000B\000u\000i\000l\000d\000i\000n\000g\000\040\000a\000n\000\040\000A\000c\000t\000i\000o\000n}{}% 6
\BOOKMARK [2][-]{subsection.2.1}{\376\377\000W\000i\000t\000h\000\040\000c\000a\000p\000i\000t\000a\000l\000\040\000i\000n\000t\000e\000r\000n\000a\000l\000\040\000i\000n\000d\000e\000x}{section.2}% 7
\BOOKMARK [2][-]{subsection.2.2}{\376\377\000W\000i\000t\000h\000\040\000s\000m\000a\000l\000l\000\040\000i\000n\000t\000e\000r\000n\000a\000l\000\040\000i\000n\000d\000e\000x}{section.2}% 8
\BOOKMARK [3][-]{subsubsection.2.2.1}{\376\377\000W\000i\000t\000h\000o\000u\000t\000\040\000e\000x\000t\000r\000a\000\040\000f\000i\000e\000l\000d\000,\000\040\0001\000\040\000i\000n\000t\000e\000r\000n\000a\000l\000\040\000i\000n\000d\000e\000x}{subsection.2.2}% 9
\BOOKMARK [3][-]{subsubsection.2.2.2}{\376\377\000W\000i\000t\000h\000\040\000e\000x\000t\000r\000a\000\040\000f\000i\000e\000l\000d}{subsection.2.2}% 10
\BOOKMARK [3][-]{subsubsection.2.2.3}{\376\377\000W\000i\000t\000h\000o\000u\000t\000\040\000e\000x\000t\000r\000a\000\040\000f\000i\000e\000l\000d\000,\000\040\0002\000\040\000i\000n\000t\000e\000r\000n\000a\000l\000\040\000i\000n\000d\000i\000c\000e\000s}{subsection.2.2}% 11
\BOOKMARK [2][-]{subsection.2.3}{\376\377\000W\000i\000t\000h\000o\000u\000t\000\040\000e\000x\000t\000r\000a\000\040\000i\000n\000d\000e\000x}{section.2}% 12
\BOOKMARK [2][-]{subsection.2.4}{\376\377\000L\000i\000n\000e\000a\000r\000\040\000P\000o\000l\000y\000a\000k\000o\000v\000\040\000a\000c\000t\000i\000o\000n}{section.2}% 13
\BOOKMARK [1][-]{section.3}{\376\377\000E\000o\000M\000s}{}% 14
\BOOKMARK [2][-]{subsection.3.1}{\376\377\000W\000i\000t\000h\000\040\000s\000m\000a\000l\000l\000\040\000i\000n\000t\000e\000r\000n\000a\000l\000\040\000i\000n\000d\000e\000x}{section.3}% 15
\BOOKMARK [3][-]{subsubsection.3.1.1}{\376\377\000W\000i\000t\000h\000o\000u\000t\000\040\000e\000x\000t\000r\000a\000\040\000f\000i\000e\000l\000d\000,\000\040\000w\000.\000r\000.\000t\000\040\000e}{subsection.3.1}% 16
\BOOKMARK [3][-]{subsubsection.3.1.2}{\376\377\000W\000i\000t\000h\000\040\000e\000x\000t\000r\000a\000\040\000f\000i\000e\000l\000d\000,\000\040\000w\000.\000r\000.\000t\000\040\000e}{subsection.3.1}% 17
\BOOKMARK [3][-]{subsubsection.3.1.3}{\376\377\000W\000i\000t\000h\000\040\000e\000x\000t\000r\000a\000\040\000f\000i\000e\000l\000d\000,\000\040\000w\000.\000r\000.\000t\000\040}{subsection.3.1}% 18
\BOOKMARK [3][-]{subsubsection.3.1.4}{\376\377\000W\000i\000t\000h\000\040\000e\000x\000t\000r\000a\000\040\000f\000i\000e\000l\000d\000,\000\040\000w\000.\000r\000.\000t\000\040\000v}{subsection.3.1}% 19
\BOOKMARK [3][-]{subsubsection.3.1.5}{\376\377\000W\000i\000t\000h\000\040\000e\000x\000t\000r\000a\000\040\000f\000i\000e\000l\000d\000,\000\040\000w\000.\000r\000.\000t\000\040\000X}{subsection.3.1}% 20
\BOOKMARK [2][-]{subsection.3.2}{\376\377\000W\000i\000t\000h\000o\000u\000t\000\040\000e\000x\000t\000r\000a\000\040\000i\000n\000d\000e\000x}{section.3}% 21
\BOOKMARK [3][-]{subsubsection.3.2.1}{\376\377\000w\000.\000r\000.\000t\000\040\000e}{subsection.3.2}% 22
\BOOKMARK [2][-]{subsection.3.3}{\376\377\000L\000i\000n\000e\000a\000r\000\040\000a\000c\000t\000i\000o\000n}{section.3}% 23
\BOOKMARK [3][-]{subsubsection.3.3.1}{\376\377\000w\000.\000r\000.\000t\000\040\000e}{subsection.3.3}% 24
\BOOKMARK [1][-]{section.4}{\376\377\000I\000n\000v\000e\000r\000s\000e\000\040\000A\000r\000e\000a\000\040\000A\000c\000t\000i\000o\000n}{}% 25
\BOOKMARK [2][-]{subsection.4.1}{\376\377\000N\000a\000m\000b\000u\000-\000G\000o\000t\000o}{section.4}% 26
\BOOKMARK [3][-]{subsubsection.4.1.1}{\376\377\000E\000o\000M\000s}{subsection.4.1}% 27
\BOOKMARK [1][-]{section.5}{\376\377\000B\000i\000m\000e\000t\000r\000i\000c\000\040\000P\000o\000l\000y\000a\000k\000o\000v}{}% 28
\BOOKMARK [2][-]{subsection.5.1}{\376\377\000E\000o\000M\000s}{section.5}% 29
\BOOKMARK [1][-]{section.6}{\376\377\000I\000n\000v\000e\000r\000s\000e\000\040\000A\000r\000e\000a\000\040\000P\000o\000l\000y\000a\000k\000o\000v}{}% 30
\BOOKMARK [2][-]{subsection.6.1}{\376\377\000E\000o\000M\000s}{section.6}% 31
\BOOKMARK [1][-]{section.7}{\376\377\000I\000n\000v\000e\000r\000s\000e\000\040\000A\000r\000e\000a\000\040\000P\000o\000l\000y\000a\000k\000o\000v\000\040\000v\0002}{}% 32
\BOOKMARK [2][-]{subsection.7.1}{\376\377\000E\000o\000M\000s}{section.7}% 33
\BOOKMARK [1][-]{section.8}{\376\377\000R\000e\000l\000a\000t\000i\000n\000g\000\040\000N\000G\000\040\000a\000n\000d\000\040\000P\000o\000l\000y\000a\000k\000o\000v\000\040\000a\000n\000a\000l\000y\000s\000i\000s}{}% 34
\BOOKMARK [1][-]{section.9}{\376\377\000S\000o\000l\000u\000t\000i\000o\000n\000s\000\040\000f\000o\000r\000\040\000t\000h\000e\000\040\000P\000o\000l\000y\000a\000k\000o\000v\000\040\000K\000G\000\040\000e\000q\000n\000\040\000\050\000W\000R\000O\000N\000G\000\040\000O\000N\000E\000\051}{}% 35
\BOOKMARK [1][-]{section.10}{\376\377\000S\000o\000l\000u\000t\000i\000o\000n\000s\000\040\000f\000o\000r\000\040\000t\000h\000e\000\040\000P\000o\000l\000y\000a\000k\000o\000v\000\040\000K\000G\000\040\000e\000q\000n}{}% 36
